app/build/intermediates/manifest_merge_blame_file/debug/manifest-merger-blame-debug-report.txt
1<?xml version="1.0" encoding="utf-8"?>
2<manifest xmlns:android="http://schemas.android.com/apk/res/android"
3    package="nopriadi.dedi.pokemon"
4    android:versionCode="1"
5    android:versionName="1.0" >
6
7    <uses-sdk
8        android:minSdkVersion="21"
8-->src/main/AndroidManifest.xml
9        android:targetSdkVersion="30" />
9-->src/main/AndroidManifest.xml
10
11    <uses-permission android:name="android.permission.INTERNET" />
11-->src/main/AndroidManifest.xml:5:5-67
11-->src/main/AndroidManifest.xml:5:22-64
12
13    <application
13-->src/main/AndroidManifest.xml:7:5-35:19
14        android:allowBackup="true"
14-->src/main/AndroidManifest.xml:8:9-35
15        android:appComponentFactory="androidx.core.app.CoreComponentFactory"
15-->[androidx.core:core:1.5.0] AndroidManifest.xml:24:18-86
16        android:debuggable="true"
17        android:icon="@mipmap/ic_launcher"
17-->src/main/AndroidManifest.xml:9:9-43
18        android:label="@string/app_name"
18-->src/main/AndroidManifest.xml:10:9-41
19        android:roundIcon="@mipmap/ic_launcher_round"
19-->src/main/AndroidManifest.xml:11:9-54
20        android:supportsRtl="true"
20-->src/main/AndroidManifest.xml:12:9-35
21        android:theme="@style/AppTheme.NoActionBar" >
21-->src/main/AndroidManifest.xml:13:9-52
22        <activity
22-->src/main/AndroidManifest.xml:14:9-16:39
23            android:name="nopriadi.dedi.pokemon.activity.PokeDetailActivity"
23-->src/main/AndroidManifest.xml:15:13-56
24            android:exported="true" />
24-->src/main/AndroidManifest.xml:16:13-36
25        <activity
25-->src/main/AndroidManifest.xml:17:9-19:39
26            android:name="nopriadi.dedi.pokemon.activity.PokeListActivity"
26-->src/main/AndroidManifest.xml:18:13-54
27            android:exported="true" />
27-->src/main/AndroidManifest.xml:19:13-36
28        <activity
28-->src/main/AndroidManifest.xml:20:9-22:39
29            android:name="nopriadi.dedi.pokemon.activity.MyPokeListActivity"
29-->src/main/AndroidManifest.xml:21:13-56
30            android:exported="true" />
30-->src/main/AndroidManifest.xml:22:13-36
31        <activity
31-->src/main/AndroidManifest.xml:23:9-25:39
32            android:name="nopriadi.dedi.pokemon.MainActivity"
32-->src/main/AndroidManifest.xml:24:13-41
33            android:exported="true" />
33-->src/main/AndroidManifest.xml:25:13-36
34        <activity
34-->src/main/AndroidManifest.xml:26:9-34:20
35            android:name="nopriadi.dedi.pokemon.activity.SplashActivity"
35-->src/main/AndroidManifest.xml:27:13-52
36            android:exported="true" >
36-->src/main/AndroidManifest.xml:28:13-36
37            <intent-filter>
37-->src/main/AndroidManifest.xml:29:13-33:29
38                <action android:name="android.intent.action.MAIN" />
38-->src/main/AndroidManifest.xml:30:17-69
38-->src/main/AndroidManifest.xml:30:25-66
39
40                <category android:name="android.intent.category.LAUNCHER" />
40-->src/main/AndroidManifest.xml:32:17-77
40-->src/main/AndroidManifest.xml:32:27-74
41            </intent-filter>
42        </activity>
43
44        <provider
44-->[com.squareup.picasso:picasso:2.71828] AndroidManifest.xml:8:9-11:40
45            android:name="com.squareup.picasso.PicassoProvider"
45-->[com.squareup.picasso:picasso:2.71828] AndroidManifest.xml:9:13-64
46            android:authorities="nopriadi.dedi.pokemon.com.squareup.picasso"
46-->[com.squareup.picasso:picasso:2.71828] AndroidManifest.xml:10:13-72
47            android:exported="false" />
47-->[com.squareup.picasso:picasso:2.71828] AndroidManifest.xml:11:13-37
48    </application>
49
50</manifest>